{
  "Cucumber Features": {
    "coverage": {
      "/home/ubuntu/workspace/recipe-finder/app/controllers/recipes_controller.rb": [
        1,
        null,
        1,
        32,
        32,
        null,
        null,
        1,
        7,
        5,
        5,
        2,
        0,
        0,
        null,
        2,
        2,
        2,
        2,
        2,
        2,
        2,
        2,
        2,
        2,
        null,
        null,
        null,
        1,
        null,
        null,
        null,
        1,
        1,
        1,
        1,
        1,
        null,
        null,
        1,
        11,
        3,
        3,
        3,
        null,
        null,
        null,
        8,
        3,
        3,
        null,
        null,
        5,
        5,
        null,
        8,
        8,
        8,
        1,
        1,
        1,
        null,
        null,
        1,
        1,
        1,
        null,
        null,
        6,
        null,
        null,
        null,
        1,
        null,
        null,
        null,
        1,
        2,
        null,
        null,
        1,
        0,
        null,
        0,
        0,
        0,
        0,
        0,
        0,
        0,
        0,
        null,
        null
      ],
      "/home/ubuntu/workspace/recipe-finder/app/controllers/application_controller.rb": [
        1,
        null,
        null,
        1,
        null
      ],
      "/home/ubuntu/workspace/recipe-finder/app/helpers/application_helper.rb": [
        1,
        null
      ],
      "/home/ubuntu/workspace/recipe-finder/app/helpers/recipes_helper.rb": [
        1,
        null
      ],
      "/home/ubuntu/workspace/recipe-finder/app/models/recipe.rb": [
        1,
        null,
        1,
        1,
        1,
        32,
        null,
        null,
        1,
        32,
        null,
        null,
        null
      ]
    },
    "timestamp": 1449645801
  },
  "RSpec": {
    "coverage": {
      "/home/ubuntu/workspace/recipe-finder/app/helpers/application_helper.rb": [
        1,
        null
      ],
      "/home/ubuntu/workspace/recipe-finder/app/helpers/recipes_helper.rb": [
        1,
        null
      ],
      "/home/ubuntu/workspace/recipe-finder/app/controllers/recipes_controller.rb": [
        1,
        null,
        1,
        0,
        0,
        null,
        null,
        1,
        1,
        1,
        1,
        0,
        0,
        0,
        null,
        0,
        0,
        0,
        0,
        0,
        0,
        0,
        0,
        0,
        0,
        null,
        null,
        null,
        1,
        null,
        null,
        null,
        1,
        1,
        1,
        1,
        1,
        null,
        null,
        1,
        5,
        1,
        1,
        1,
        null,
        null,
        null,
        4,
        2,
        2,
        null,
        null,
        2,
        2,
        null,
        4,
        4,
        4,
        1,
        1,
        1,
        null,
        null,
        1,
        1,
        1,
        null,
        null,
        2,
        null,
        null,
        null,
        1,
        null,
        null,
        null,
        1,
        0,
        null,
        null,
        1,
        1,
        null,
        1,
        1,
        1,
        1,
        1,
        1,
        1,
        1,
        null,
        null
      ],
      "/home/ubuntu/workspace/recipe-finder/app/controllers/application_controller.rb": [
        1,
        null,
        null,
        1,
        null
      ],
      "/home/ubuntu/workspace/recipe-finder/app/models/recipe.rb": [
        1,
        null,
        1,
        1,
        1,
        0,
        null,
        null,
        1,
        0,
        null,
        null,
        null
      ]
    },
    "timestamp": 1449645359
  }
}
